<?xml version="1.0" encoding="UTF-8"?>
<testsuites>
  <testsuite name="" tests="7" assertions="882" errors="0" failures="0" skipped="0" time="0.774952">
    <testsuite name="Unit" tests="7" assertions="882" errors="0" failures="0" skipped="0" time="0.774952">
      <testsuite name="Roots\WordPressPackager\ReleaseSources\WPDotOrgHTMLTest" file="/Users/tangrufus/Code/roots-wordpress-packager/test/WordPressPackager/ReleaseSources/WPDotOrgHTMLTest.php" tests="2" assertions="859" errors="0" failures="0" skipped="0" time="0.763095">
        <testcase name="testGetRepo" class="Roots\WordPressPackager\ReleaseSources\WPDotOrgHTMLTest" classname="Roots.WordPressPackager.ReleaseSources.WPDotOrgHTMLTest" file="/Users/tangrufus/Code/roots-wordpress-packager/test/WordPressPackager/ReleaseSources/WPDotOrgHTMLTest.php" line="33" assertions="7" time="0.757317"/>
        <testcase name="testIsValidReleaseUrl" class="Roots\WordPressPackager\ReleaseSources\WPDotOrgHTMLTest" classname="Roots.WordPressPackager.ReleaseSources.WPDotOrgHTMLTest" file="/Users/tangrufus/Code/roots-wordpress-packager/test/WordPressPackager/ReleaseSources/WPDotOrgHTMLTest.php" line="83" assertions="852" time="0.005778"/>
      </testsuite>
      <testsuite name="Roots\WordPressPackager\WordPressPackageRepositoryTest" file="/Users/tangrufus/Code/roots-wordpress-packager/test/WordPressPackager/WordPressPackageRepositoryTest.php" tests="1" assertions="7" errors="0" failures="0" skipped="0" time="0.000514">
        <testcase name="testEntry" class="Roots\WordPressPackager\WordPressPackageRepositoryTest" classname="Roots.WordPressPackager.WordPressPackageRepositoryTest" file="/Users/tangrufus/Code/roots-wordpress-packager/test/WordPressPackager/WordPressPackageRepositoryTest.php" line="29" assertions="7" time="0.000514"/>
      </testsuite>
      <testsuite name="Roots\WordPressPackager\WordPressPackageTest" file="/Users/tangrufus/Code/roots-wordpress-packager/test/WordPressPackager/WordPressPackageTest.php" tests="4" assertions="16" errors="0" failures="0" skipped="0" time="0.011343">
        <testcase name="testCompareTo" class="Roots\WordPressPackager\WordPressPackageTest" classname="Roots.WordPressPackager.WordPressPackageTest" file="/Users/tangrufus/Code/roots-wordpress-packager/test/WordPressPackager/WordPressPackageTest.php" line="60" assertions="5" time="0.000510"/>
        <testcase name="testJsonSerialize" class="Roots\WordPressPackager\WordPressPackageTest" classname="Roots.WordPressPackager.WordPressPackageTest" file="/Users/tangrufus/Code/roots-wordpress-packager/test/WordPressPackager/WordPressPackageTest.php" line="71" assertions="2" time="0.010043"/>
        <testcase name="testGreaterThanOrEqualTo" class="Roots\WordPressPackager\WordPressPackageTest" classname="Roots.WordPressPackager.WordPressPackageTest" file="/Users/tangrufus/Code/roots-wordpress-packager/test/WordPressPackager/WordPressPackageTest.php" line="83" assertions="4" time="0.000334"/>
        <testcase name="testMinPhpVersion" class="Roots\WordPressPackager\WordPressPackageTest" classname="Roots.WordPressPackager.WordPressPackageTest" file="/Users/tangrufus/Code/roots-wordpress-packager/test/WordPressPackager/WordPressPackageTest.php" line="92" assertions="5" time="0.000456"/>
      </testsuite>
    </testsuite>
  </testsuite>
</testsuites>
